TN:
SF:/Users/mikeeg/alchemy/career-track/travel-manager/lib/app.js
FNF:0
FNH:0
DA:1,2
DA:2,2
DA:4,2
DA:6,2
DA:7,2
DA:9,2
DA:10,2
DA:12,2
LF:8
LH:8
BRF:0
BRH:0
end_of_record
TN:
SF:/Users/mikeeg/alchemy/career-track/travel-manager/lib/middleware/error.js
FN:4,(anonymous_0)
FNF:1
FNH:0
FNDA:0,(anonymous_0)
DA:1,2
DA:4,2
DA:5,0
DA:7,0
DA:9,0
DA:12,0
DA:14,0
DA:16,0
LF:8
LH:2
BRDA:5,0,0,0
BRDA:5,0,1,0
BRDA:7,1,0,0
BRDA:7,1,1,0
BRDA:7,2,0,0
BRDA:7,2,1,0
BRF:6
BRH:0
end_of_record
TN:
SF:/Users/mikeeg/alchemy/career-track/travel-manager/lib/middleware/fetch-weather.js
FN:3,(anonymous_0)
FN:6,(anonymous_1)
FNF:2
FNH:0
FNDA:0,(anonymous_0)
FNDA:0,(anonymous_1)
DA:1,2
DA:3,2
DA:4,0
DA:5,0
DA:7,0
DA:10,0
LF:6
LH:2
BRF:0
BRH:0
end_of_record
TN:
SF:/Users/mikeeg/alchemy/career-track/travel-manager/lib/middleware/not-found.js
FN:1,(anonymous_0)
FNF:1
FNH:0
FNDA:0,(anonymous_0)
DA:1,2
DA:2,0
DA:3,0
DA:4,0
LF:4
LH:1
BRF:0
BRH:0
end_of_record
TN:
SF:/Users/mikeeg/alchemy/career-track/travel-manager/lib/models/Itineraries.js
FN:28,(anonymous_0)
FN:31,(anonymous_1)
FN:36,(anonymous_2)
FN:39,(anonymous_3)
FN:44,(anonymous_4)
FN:47,(anonymous_5)
FNF:6
FNH:0
FNDA:0,(anonymous_0)
FNDA:0,(anonymous_1)
FNDA:0,(anonymous_2)
FNDA:0,(anonymous_3)
FNDA:0,(anonymous_4)
FNDA:0,(anonymous_5)
DA:1,3
DA:3,3
DA:27,3
DA:29,0
DA:32,0
DA:35,3
DA:37,0
DA:40,0
DA:43,3
DA:45,0
DA:48,0
DA:51,3
LF:12
LH:6
BRF:0
BRH:0
end_of_record
TN:
SF:/Users/mikeeg/alchemy/career-track/travel-manager/lib/models/Trip.js
FN:31,(anonymous_0)
FNF:1
FNH:1
FNDA:7,(anonymous_0)
DA:1,3
DA:3,3
DA:32,7
DA:38,3
DA:44,3
LF:5
LH:5
BRF:0
BRH:0
end_of_record
TN:
SF:/Users/mikeeg/alchemy/career-track/travel-manager/lib/routes/itineraries.js
FN:6,(anonymous_0)
FN:9,(anonymous_1)
FN:12,(anonymous_2)
FN:15,(anonymous_3)
FNF:4
FNH:4
FNDA:1,(anonymous_0)
FNDA:1,(anonymous_1)
FNDA:1,(anonymous_2)
FNDA:1,(anonymous_3)
DA:1,2
DA:2,2
DA:3,2
DA:5,2
DA:7,1
DA:9,1
DA:13,1
DA:15,1
LF:8
LH:8
BRF:0
BRH:0
end_of_record
TN:
SF:/Users/mikeeg/alchemy/career-track/travel-manager/lib/routes/trip.js
FN:6,(anonymous_0)
FN:9,(anonymous_1)
FN:12,(anonymous_2)
FN:15,(anonymous_3)
FN:18,(anonymous_4)
FN:22,(anonymous_5)
FN:25,(anonymous_6)
FN:28,(anonymous_7)
FN:31,(anonymous_8)
FN:36,(anonymous_9)
FNF:10
FNH:10
FNDA:1,(anonymous_0)
FNDA:1,(anonymous_1)
FNDA:1,(anonymous_2)
FNDA:1,(anonymous_3)
FNDA:1,(anonymous_4)
FNDA:1,(anonymous_5)
FNDA:1,(anonymous_6)
FNDA:1,(anonymous_7)
FNDA:1,(anonymous_8)
FNDA:1,(anonymous_9)
DA:1,2
DA:2,2
DA:3,2
DA:5,2
DA:7,1
DA:9,1
DA:13,1
DA:15,1
DA:19,1
DA:22,1
DA:26,1
DA:28,1
DA:32,1
DA:36,1
LF:14
LH:14
BRF:0
BRH:0
end_of_record
TN:
SF:/Users/mikeeg/alchemy/career-track/travel-manager/lib/services/weather.js
FN:3,(anonymous_0)
FN:6,(anonymous_1)
FN:11,(anonymous_2)
FN:13,(anonymous_3)
FNF:4
FNH:0
FNDA:0,(anonymous_0)
FNDA:0,(anonymous_1)
FNDA:0,(anonymous_2)
FNDA:0,(anonymous_3)
DA:1,2
DA:3,2
DA:4,0
DA:7,0
DA:9,0
DA:12,0
DA:14,0
DA:19,2
LF:8
LH:3
BRF:0
BRH:0
end_of_record
TN:
SF:/Users/mikeeg/alchemy/career-track/travel-manager/lib/utils/connect.js
FN:4,(anonymous_0)
FN:11,(anonymous_1)
FN:21,(anonymous_2)
FNF:3
FNH:2
FNDA:2,(anonymous_0)
FNDA:2,(anonymous_1)
FNDA:0,(anonymous_2)
DA:1,2
DA:2,2
DA:4,2
DA:5,2
DA:11,2
DA:12,2
DA:13,2
DA:14,2
DA:21,2
DA:22,0
LF:10
LH:9
BRDA:4,0,0,2
BRF:1
BRH:1
end_of_record
